#
# There is insufficient memory for the Java Runtime Environment to continue.
# Native memory allocation (mmap) failed to map 268435456 bytes. Error detail: G1 virtual space
# Possible reasons:
#   The system is out of physical RAM or swap space
#   This process is running with CompressedOops enabled, and the Java Heap may be blocking the growth of the native heap
# Possible solutions:
#   Reduce memory load on the system
#   Increase physical memory or swap space
#   Check if swap backing store is full
#   Decrease Java heap size (-Xmx/-Xms)
#   Decrease number of Java threads
#   Decrease Java thread stack sizes (-Xss)
#   Set larger code cache with -XX:ReservedCodeCacheSize=
#   JVM is running with Zero Based Compressed Oops mode in which the Java heap is
#     placed in the first 32GB address space. The Java Heap base address is the
#     maximum limit for the native heap growth. Please use -XX:HeapBaseMinAddress
#     to set the Java Heap base and to place the Java Heap above 32GB virtual address.
# This output file may be truncated or incomplete.
#
#  Out of Memory Error (os_windows.cpp:3631), pid=7756, tid=20868
#
# JRE version:  (22.0.2+9) (build )
# Java VM: OpenJDK 64-Bit Server VM (22.0.2+9, mixed mode, sharing, tiered, compressed oops, compressed class ptrs, g1 gc, windows-amd64)
# No core dump will be written. Minidumps are not enabled by default on client versions of Windows
#

---------------  S U M M A R Y ------------

Command Line: -Dfile.encoding=UTF-8 -Dstdout.encoding=UTF-8 -Dstderr.encoding=UTF-8 --module-path=C:\Users\AlaynaGoss\eclipse-workspace\espGame\bin -XX:+ShowCodeDetailsInExceptionMessages -Djdk.module.main=espGame espGame/espGame.ESPGame

Host: Intel(R) Core(TM) i7-8086K CPU @ 4.00GHz, 12 cores, 15G,  Windows 10 , 64 bit Build 19041 (10.0.19041.4842)
Time: Sun Sep 15 18:30:38 2024 Eastern Daylight Time elapsed time: 0.022408 seconds (0d 0h 0m 0s)

---------------  T H R E A D  ---------------

Current thread (0x00000218d6a137f0):  JavaThread "Unknown thread" [_thread_in_vm, id=20868, stack(0x0000006118200000,0x0000006118300000) (1024K)]

Stack: [0x0000006118200000,0x0000006118300000]
Native frames: (J=compiled Java code, j=interpreted, Vv=VM code, C=native code)
V  [jvm.dll+0x6ea6a9]  (no source info available)
V  [jvm.dll+0x8cdbf3]  (no source info available)
V  [jvm.dll+0x8d001e]  (no source info available)
V  [jvm.dll+0x8d06f3]  (no source info available)
V  [jvm.dll+0x286dc6]  (no source info available)
V  [jvm.dll+0x6e6d35]  (no source info available)
V  [jvm.dll+0x6db9ba]  (no source info available)
V  [jvm.dll+0x36037a]  (no source info available)
V  [jvm.dll+0x368846]  (no source info available)
V  [jvm.dll+0x3ba7be]  (no source info available)
V  [jvm.dll+0x3baa68]  (no source info available)
V  [jvm.dll+0x333d1c]  (no source info available)
V  [jvm.dll+0x334988]  (no source info available)
V  [jvm.dll+0x895adc]  (no source info available)
V  [jvm.dll+0x3c78a1]  (no source info available)
V  [jvm.dll+0x87e75c]  (no source info available)
V  [jvm.dll+0x4612ae]  (no source info available)
V  [jvm.dll+0x4630c1]  (no source info available)
C  [jli.dll+0x5278]  (no source info available)
C  [ucrtbase.dll+0x21bb2]  (no source info available)
C  [KERNEL32.DLL+0x17374]  (no source info available)
C  [ntdll.dll+0x4cc91]  (no source info available)


---------------  P R O C E S S  ---------------

Threads class SMR info:
_java_thread_list=0x00007ff98d23d688, length=0, elements={
}

Java Threads: ( => current thread )
Total: 0

Other Threads:
  0x00000218d71a4b40 WorkerThread "GC Thread#0"                     [id=19944, stack(0x0000006118300000,0x0000006118400000) (1024K)]
  0x00000218d71b6250 ConcurrentGCThread "G1 Main Marker"            [id=28416, stack(0x0000006118400000,0x0000006118500000) (1024K)]
  0x00000218d71b6c70 WorkerThread "G1 Conc#0"                       [id=15340, stack(0x0000006118500000,0x0000006118600000) (1024K)]

[error occurred during error reporting (printing all threads), id 0xc0000005, EXCEPTION_ACCESS_VIOLATION (0xc0000005) at pc=0x00007ff98c926cd7]
VM state: not at safepoint (not fully initialized)

VM Mutex/Monitor currently owned by a thread:  ([mutex/lock_event])
[0x00007ff98d2c1080] Heap_lock - owner thread: 0x00000218d6a137f0

Heap address: 0x0000000701400000, size: 4076 MB, Compressed Oops mode: Zero based, Oop shift amount: 3

CDS archive(s) mapped at: [0x0000000000000000-0x0000000000000000-0x0000000000000000), size 0, SharedBaseAddress: 0x0000000800000000, ArchiveRelocationMode: 1.
Narrow klass base: 0x0000000000000000, Narrow klass shift: 0, Narrow klass range: 0x0

GC Precious Log:
 CardTable entry size: 512
 Card Set container configuration: InlinePtr #cards 4 size 8 Array Of Cards #cards 16 size 48 Howl #buckets 8 coarsen threshold 3686 Howl Bitmap #cards 512 size 80 coarsen threshold 460 Card regions per heap region 1 cards per card region 4096

Heap:
 garbage-first heap   total reserved 4173824K, committed 0K, used 0K [0x0000000701400000, 0x0000000800000000)
  region size 2048K, 0 young (0K), 0 survivors (0K)

[error occurred during error reporting (printing heap information), id 0xc0000005, EXCEPTION_ACCESS_VIOLATION (0xc0000005) at pc=0x00007ff98cd27269]
GC Heap History (0 events):
No events

Dll operation events (1 events):
Event: 0.018 Loaded shared library C:\Users\AlaynaGoss\.p2\pool\plugins\org.eclipse.justj.openjdk.hotspot.jre.full.win32.x86_64_22.0.2.v20240802-1626\jre\bin\java.dll

Deoptimization events (0 events):
No events

Classes loaded (0 events):
No events

Classes unloaded (0 events):
No events

Classes redefined (0 events):
No events

Internal exceptions (0 events):
No events

ZGC Phase Switch (0 events):
No events

VM Operations (0 events):
No events

Memory protections (0 events):
No events

Nmethod flushes (0 events):
No events

Events (0 events):
No events


Dynamic libraries:
0x00007ff70e0c0000 - 0x00007ff70e0ce000 	C:\Users\AlaynaGoss\.p2\pool\plugins\org.eclipse.justj.openjdk.hotspot.jre.full.win32.x86_64_22.0.2.v20240802-1626\jre\bin\javaw.exe
0x00007ff9ffff0000 - 0x00007ffa001e8000 	C:\Windows\SYSTEM32\ntdll.dll
0x00007ff9ff5d0000 - 0x00007ff9ff691000 	C:\Windows\System32\KERNEL32.DLL
0x00007ff9fd9e0000 - 0x00007ff9fdcdd000 	C:\Windows\System32\KERNELBASE.dll
0x00007ff9be8c0000 - 0x00007ff9be99b000 	C:\Program Files\Bitdefender\Bitdefender Security\bdhkm\dlls_267034558715908129\bdhkm64.dll
0x00007ff9be700000 - 0x00007ff9be8b3000 	C:\Program Files\Bitdefender\Bitdefender Security\atcuf\dlls_267400997222369786\atcuf64.dll
0x00007ff9fdeb0000 - 0x00007ff9fdfb0000 	C:\Windows\System32\ucrtbase.dll
0x00007ff9b4030000 - 0x00007ff9b4047000 	C:\Users\AlaynaGoss\.p2\pool\plugins\org.eclipse.justj.openjdk.hotspot.jre.full.win32.x86_64_22.0.2.v20240802-1626\jre\bin\jli.dll
0x00007ff9ffb70000 - 0x00007ff9ffd0d000 	C:\Windows\System32\USER32.dll
0x00007ff9fde30000 - 0x00007ff9fde52000 	C:\Windows\System32\win32u.dll
0x00007ff9ffab0000 - 0x00007ff9ffadb000 	C:\Windows\System32\GDI32.dll
0x00007ff9fd8c0000 - 0x00007ff9fd9d7000 	C:\Windows\System32\gdi32full.dll
0x00007ff9fdce0000 - 0x00007ff9fdd7d000 	C:\Windows\System32\msvcp_win.dll
0x00007ff9b4010000 - 0x00007ff9b402b000 	C:\Users\AlaynaGoss\.p2\pool\plugins\org.eclipse.justj.openjdk.hotspot.jre.full.win32.x86_64_22.0.2.v20240802-1626\jre\bin\VCRUNTIME140.dll
0x00007ff9d8ec0000 - 0x00007ff9d915a000 	C:\Windows\WinSxS\amd64_microsoft.windows.common-controls_6595b64144ccf1df_6.0.19041.4355_none_60b8b9eb71f62e16\COMCTL32.dll
0x00007ff9ff760000 - 0x00007ff9ff7fe000 	C:\Windows\System32\msvcrt.dll
0x00007ff9ff530000 - 0x00007ff9ff55f000 	C:\Windows\System32\IMM32.DLL
0x00007ff9f8540000 - 0x00007ff9f854c000 	C:\Users\AlaynaGoss\.p2\pool\plugins\org.eclipse.justj.openjdk.hotspot.jre.full.win32.x86_64_22.0.2.v20240802-1626\jre\bin\vcruntime140_1.dll
0x00007ff98c4a0000 - 0x00007ff98c52e000 	C:\Users\AlaynaGoss\.p2\pool\plugins\org.eclipse.justj.openjdk.hotspot.jre.full.win32.x86_64_22.0.2.v20240802-1626\jre\bin\msvcp140.dll
0x00007ff98c5e0000 - 0x00007ff98d3a3000 	C:\Users\AlaynaGoss\.p2\pool\plugins\org.eclipse.justj.openjdk.hotspot.jre.full.win32.x86_64_22.0.2.v20240802-1626\jre\bin\server\jvm.dll
0x00007ff9ff6b0000 - 0x00007ff9ff760000 	C:\Windows\System32\ADVAPI32.dll
0x00007ff9ff800000 - 0x00007ff9ff8a0000 	C:\Windows\System32\sechost.dll
0x00007ff9ff120000 - 0x00007ff9ff243000 	C:\Windows\System32\RPCRT4.dll
0x00007ff9fd800000 - 0x00007ff9fd827000 	C:\Windows\System32\bcrypt.dll
0x00007ff9ffd10000 - 0x00007ff9ffd7b000 	C:\Windows\System32\WS2_32.dll
0x00007ff9fcc30000 - 0x00007ff9fcc7b000 	C:\Windows\SYSTEM32\POWRPROF.dll
0x00007ff9f8a30000 - 0x00007ff9f8a57000 	C:\Windows\SYSTEM32\WINMM.dll
0x00007ff9f4e40000 - 0x00007ff9f4e4a000 	C:\Windows\SYSTEM32\VERSION.dll
0x00007ff9fcaa0000 - 0x00007ff9fcab2000 	C:\Windows\SYSTEM32\UMPDC.dll
0x00007ff9fb720000 - 0x00007ff9fb732000 	C:\Windows\SYSTEM32\kernel.appcore.dll
0x00007ff9f9400000 - 0x00007ff9f940a000 	C:\Users\AlaynaGoss\.p2\pool\plugins\org.eclipse.justj.openjdk.hotspot.jre.full.win32.x86_64_22.0.2.v20240802-1626\jre\bin\jimage.dll
0x00007ff9fb250000 - 0x00007ff9fb434000 	C:\Windows\SYSTEM32\DBGHELP.DLL
0x00007ff9cc240000 - 0x00007ff9cc274000 	C:\Windows\SYSTEM32\dbgcore.DLL
0x00007ff9fd830000 - 0x00007ff9fd8b2000 	C:\Windows\System32\bcryptPrimitives.dll
0x00007ff9d0870000 - 0x00007ff9d088e000 	C:\Users\AlaynaGoss\.p2\pool\plugins\org.eclipse.justj.openjdk.hotspot.jre.full.win32.x86_64_22.0.2.v20240802-1626\jre\bin\java.dll
0x00007ff9fe9b0000 - 0x00007ff9ff11f000 	C:\Windows\System32\SHELL32.dll
0x00007ff9ff400000 - 0x00007ff9ff52b000 	C:\Windows\System32\ole32.dll
0x00007ff9fe580000 - 0x00007ff9fe8d3000 	C:\Windows\System32\combase.dll

dbghelp: loaded successfully - version: 4.0.5 - missing functions: none
symbol engine: initialized successfully - sym options: 0x614 - pdb path: .;C:\Users\AlaynaGoss\.p2\pool\plugins\org.eclipse.justj.openjdk.hotspot.jre.full.win32.x86_64_22.0.2.v20240802-1626\jre\bin;C:\Windows\SYSTEM32;C:\Program Files\Bitdefender\Bitdefender Security\bdhkm\dlls_267034558715908129;C:\Program Files\Bitdefender\Bitdefender Security\atcuf\dlls_267400997222369786;C:\Windows\WinSxS\amd64_microsoft.windows.common-controls_6595b64144ccf1df_6.0.19041.4355_none_60b8b9eb71f62e16;C:\Users\AlaynaGoss\.p2\pool\plugins\org.eclipse.justj.openjdk.hotspot.jre.full.win32.x86_64_22.0.2.v20240802-1626\jre\bin\server

VM Arguments:
jvm_args: -Dfile.encoding=UTF-8 -Dstdout.encoding=UTF-8 -Dstderr.encoding=UTF-8 --module-path=C:\Users\AlaynaGoss\eclipse-workspace\espGame\bin -XX:+ShowCodeDetailsInExceptionMessages -Djdk.module.main=espGame 
java_command: espGame/espGame.ESPGame
java_class_path (initial): <not set>
Launcher Type: SUN_STANDARD

[Global flags]
     intx CICompilerCount                          = 4                                         {product} {ergonomic}
     uint ConcGCThreads                            = 3                                         {product} {ergonomic}
     uint G1ConcRefinementThreads                  = 10                                        {product} {ergonomic}
   size_t G1HeapRegionSize                         = 2097152                                   {product} {ergonomic}
   size_t InitialHeapSize                          = 268435456                                 {product} {ergonomic}
   size_t MarkStackSize                            = 4194304                                   {product} {ergonomic}
   size_t MaxHeapSize                              = 4273995776                                {product} {ergonomic}
   size_t MinHeapDeltaBytes                        = 2097152                                   {product} {ergonomic}
   size_t MinHeapSize                              = 8388608                                   {product} {ergonomic}
    uintx NonNMethodCodeHeapSize                   = 5839372                                {pd product} {ergonomic}
    uintx NonProfiledCodeHeapSize                  = 122909434                              {pd product} {ergonomic}
    uintx ProfiledCodeHeapSize                     = 122909434                              {pd product} {ergonomic}
    uintx ReservedCodeCacheSize                    = 251658240                              {pd product} {ergonomic}
     bool SegmentedCodeCache                       = true                                      {product} {ergonomic}
     bool ShowCodeDetailsInExceptionMessages       = true                                   {manageable} {command line}
   size_t SoftMaxHeapSize                          = 4273995776                             {manageable} {ergonomic}
     bool UseCompressedOops                        = true                           {product lp64_product} {ergonomic}
     bool UseG1GC                                  = true                                      {product} {ergonomic}
     bool UseLargePagesIndividualAllocation        = false                                  {pd product} {ergonomic}

Logging:
Log output configuration:
 #0: stdout all=warning uptime,level,tags foldmultilines=false
 #1: stderr all=off uptime,level,tags foldmultilines=false

Environment Variables:
PATH=C:/Users/AlaynaGoss/.p2/pool/plugins/org.eclipse.justj.openjdk.hotspot.jre.full.win32.x86_64_22.0.2.v20240802-1626/jre/bin/server;C:/Users/AlaynaGoss/.p2/pool/plugins/org.eclipse.justj.openjdk.hotspot.jre.full.win32.x86_64_22.0.2.v20240802-1626/jre/bin;C:\Program Files (x86)\Common Files\Oracle\Java\java8path;C:\Program Files (x86)\Common Files\Oracle\Java\javapath;C:\Windows\system32;C:\Windows;C:\Windows\System32\Wbem;C:\Windows\System32\WindowsPowerShell\v1.0\;C:\Windows\System32\OpenSSH\;C:\Program Files (x86)\NVIDIA Corporation\PhysX\Common;C:\Program Files\dotnet\;C:\Program Files\NVIDIA Corporation\NVIDIA NvDLISR;C:\Program Files\Calibre2\;C:\Users\AlaynaGoss\AppData\Local\Programs\Python\Launcher\;C:\Users\AlaynaGoss\AppData\Local\Microsoft\WindowsApps;C:\Users\AlaynaGoss\.dotnet\tools;C:\Users\AlaynaGoss\AppData\Local\Muse Hub\lib;C:\Windows\System32;
USERNAME=AlaynaGoss
OS=Windows_NT
PROCESSOR_IDENTIFIER=Intel64 Family 6 Model 158 Stepping 10, GenuineIntel
TMP=C:\Users\ALAYNA~2\AppData\Local\Temp
TEMP=C:\Users\ALAYNA~2\AppData\Local\Temp




Periodic native trim disabled

---------------  S Y S T E M  ---------------

OS:
 Windows 10 , 64 bit Build 19041 (10.0.19041.4842)
OS uptime: 1 days 1:32 hours

CPU: total 12 (initial active 12) (6 cores per cpu, 2 threads per core) family 6 model 158 stepping 10 microcode 0xb4, cx8, cmov, fxsr, ht, mmx, 3dnowpref, sse, sse2, sse3, ssse3, sse4.1, sse4.2, popcnt, lzcnt, tsc, tscinvbit, avx, avx2, aes, erms, clmul, bmi1, bmi2, rtm, adx, fma, vzeroupper, clflush, clflushopt, rdtscp, f16c
Processor Information for all 12 processors :
  Max Mhz: 4008, Current Mhz: 4008, Mhz Limit: 4008

Memory: 4k page, system-wide physical 16299M (3801M free)
TotalPageFile size 32645M (AvailPageFile size 73M)
current process WorkingSet (physical memory assigned to process): 14M, peak: 14M
current process commit charge ("private bytes"): 67M, peak: 323M

vm_info: OpenJDK 64-Bit Server VM (22.0.2+9) for windows-amd64 JRE (22.0.2+9), built on 2024-07-16T00:00:00Z by "admin" with MS VC++ 17.7 (VS2022)

END.
